time="2024-08-08T00:42:54+09:00" level=warning msg="/home/yoonchcul/Documents/Hanium_2024/AEYE_AI/develop/Docker/docker-compose.yml: the attribute `version` is obsolete, it will be ignored, please remove it to avoid potential confusion"
time="2024-08-08T00:42:54+09:00" level=warning msg="Found orphan containers ([seminar_container]) for this project. If you removed or renamed this service in your compose file, you can run this command with the --remove-orphans flag to clean it up."
 Container opticnet_container  Created
 Container network_operator_container  Created
Attaching to network_operator_container, opticnet_container
network_operator_container  | Watching for file changes with StatReloader
network_operator_container  | Performing system checks...
network_operator_container  | 
network_operator_container  | System check identified no issues (0 silenced).
network_operator_container  | August 07, 2024 - 15:42:55
network_operator_container  | Django version 3.2, using settings 'AEYE_Network_Operator.settings'
network_operator_container  | Starting development server at http://0.0.0.0:3000/
network_operator_container  | Quit the server with CONTROL-C.
opticnet_container          |  * Serving Flask app "AEYE" (lazy loading)
opticnet_container          |  * Environment: production
opticnet_container          |    WARNING: This is a development server. Do not use it in a production deployment.
opticnet_container          |    Use a production WSGI server instead.
opticnet_container          |  * Debug mode: on
opticnet_container          | Using TensorFlow backend.
opticnet_container          | INFO:werkzeug: * Running on http://0.0.0.0:2000/ (Press CTRL+C to quit)
opticnet_container          | INFO:werkzeug: * Restarting with stat
opticnet_container          | Using TensorFlow backend.
opticnet_container          | WARNING:werkzeug: * Debugger is active!
opticnet_container          | INFO:werkzeug: * Debugger PIN: 930-963-286
opticnet_container          | INFO:root:
opticnet_container          | -----------------------------------------
opticnet_container          | 2024-08-07 15:43:41 [ AI Inference ] send to: [34m[ OpticNet MW - Status ]
opticnet_container          | [39m[32m[active] [39mmessage: [ [32mWORKED ][39m
opticnet_container          | -----------------------------------------
opticnet_container          | INFO:werkzeug:127.0.0.1 - - [07/Aug/2024 15:43:41] "[37mPOST /mw/status HTTP/1.1[0m" 200 -
opticnet_container          | INFO:root:
opticnet_container          | -----------------------------------------
opticnet_container          | 2024-08-07 15:43:41 [ AI Inference ] send to: [34m[ OpticNet MW - Status ]
opticnet_container          | [39m[32m[active] [39mmessage: [ [32mprocesssed_img: [[[[1.         1.         1.        ]
opticnet_container          |    [1.         1.         1.        ]
opticnet_container          |    [1.         1.         1.        ]
opticnet_container          |    ...
opticnet_container          |    [1.         1.         1.        ]
opticnet_container          |    [1.         1.         1.        ]
opticnet_container          |    [1.         1.         1.        ]]
opticnet_container          | 
opticnet_container          |   [[1.         1.         1.        ]
opticnet_container          |    [1.         1.         1.        ]
opticnet_container          |    [1.         1.         1.        ]
opticnet_container          |    ...
opticnet_container          |    [1.         1.         1.        ]
opticnet_container          |    [1.         1.         1.        ]
opticnet_container          |    [1.         1.         1.        ]]
opticnet_container          | 
opticnet_container          |   [[1.         1.         1.        ]
opticnet_container          |    [1.         1.         1.        ]
opticnet_container          |    [1.         1.         1.        ]
opticnet_container          |    ...
opticnet_container          |    [1.         1.         1.        ]
opticnet_container          |    [1.         1.         1.        ]
opticnet_container          |    [1.         1.         1.        ]]
opticnet_container          | 
opticnet_container          |   ...
opticnet_container          | 
opticnet_container          |   [[0.0745098  0.0745098  0.0745098 ]
opticnet_container          |    [0.00784314 0.00784314 0.00784314]
opticnet_container          |    [0.0627451  0.0627451  0.0627451 ]
opticnet_container          |    ...
opticnet_container          |    [0.         0.         0.        ]
opticnet_container          |    [0.         0.         0.        ]
opticnet_container          |    [0.         0.         0.        ]]
opticnet_container          | 
opticnet_container          |   [[0.01960784 0.01960784 0.01960784]
opticnet_container          |    [0.07843137 0.07843137 0.07843137]
opticnet_container          |    [0.04313725 0.04313725 0.04313725]
opticnet_container          |    ...
opticnet_container          |    [0.         0.         0.        ]
opticnet_container          |    [0.         0.         0.        ]
opticnet_container          |    [0.         0.         0.        ]]
opticnet_container          | 
opticnet_container          |   [[0.0627451  0.0627451  0.0627451 ]
opticnet_container          |    [0.04313725 0.04313725 0.04313725]
opticnet_container          |    [0.00392157 0.00392157 0.00392157]
opticnet_container          |    ...
opticnet_container          |    [0.         0.         0.        ]
opticnet_container          |    [0.         0.         0.        ]
opticnet_container          |    [0.         0.         0.        ]]]] ][39m
opticnet_container          | -----------------------------------------
opticnet_container          | INFO:werkzeug:127.0.0.1 - - [07/Aug/2024 15:43:41] "[37mPOST /mw/status HTTP/1.1[0m" 200 -
opticnet_container          | INFO:root:
opticnet_container          | -----------------------------------------
opticnet_container          | 2024-08-07 15:44:00 [ AI Inference ] send to: [34m[ OpticNet MW - Status ]
opticnet_container          | [39m[32m[active] [39mmessage: [ [32mloaded Model: <keras.engine.training.Model object at 0x7067f9b9eac8> ][39m
opticnet_container          | -----------------------------------------
opticnet_container          | INFO:werkzeug:127.0.0.1 - - [07/Aug/2024 15:44:00] "[37mPOST /mw/status HTTP/1.1[0m" 200 -
